<?xml version="1.0" encoding="UTF-8"?>
<testng-results ignored="0" total="0" passed="0" failed="0" skipped="0">
  <reporter-output>
  </reporter-output>
  <suite started-at="2021-05-21T20:49:03 SAST" name="Default suite" finished-at="2021-05-21T20:49:03 SAST" duration-ms="26">
    <groups>
    </groups>
    <test started-at="2021-05-21T20:49:03 SAST" name="Default test" finished-at="2021-05-21T20:49:03 SAST" duration-ms="26">
    </test> <!-- Default test -->
  </suite> <!-- Default suite -->
</testng-results>
